TN:
SF:/home/sahil/anaconda3/envs/dev/include/gtest/gtest-printers.h
FN:212,_ZN7testing8internal52internal_stream_operator_without_lexical_name_lookup13StreamPrinter10PrintValueIivRSoEEvRKT_PSo
FN:306,_ZN7testing8internal17PrintWithFallbackIiEEvRKT_PSo
FN:333,_ZN7testing8internal19FormatForComparisonIiiE6FormatB5cxx11ERKi
FN:413,_ZN7testing8internal33FormatForComparisonFailureMessageIiiEENSt7__cxx1112basic_stringIcSt11char_traitsIcESaIcEEERKT_RKT0_
FN:440,_ZN7testing8internal7PrintToIiEEvRKT_PSo
FN:682,_ZN7testing8internal16UniversalPrinterIiE5PrintERKiPSo
FN:864,_ZN7testing8internal21UniversalTersePrinterIiE5PrintERKiPSo
FN:976,_ZN7testing8internal14UniversalPrintIiEEvRKT_PSo
FN:1016,_ZN7testing13PrintToStringIiEENSt7__cxx1112basic_stringIcSt11char_traitsIcESaIcEEERKT_
FNDA:0,_ZN7testing8internal52internal_stream_operator_without_lexical_name_lookup13StreamPrinter10PrintValueIivRSoEEvRKT_PSo
FNDA:0,_ZN7testing8internal21UniversalTersePrinterIiE5PrintERKiPSo
FNDA:0,_ZN7testing13PrintToStringIiEENSt7__cxx1112basic_stringIcSt11char_traitsIcESaIcEEERKT_
FNDA:0,_ZN7testing8internal19FormatForComparisonIiiE6FormatB5cxx11ERKi
FNDA:0,_ZN7testing8internal16UniversalPrinterIiE5PrintERKiPSo
FNDA:0,_ZN7testing8internal33FormatForComparisonFailureMessageIiiEENSt7__cxx1112basic_stringIcSt11char_traitsIcESaIcEEERKT_RKT0_
FNDA:0,_ZN7testing8internal17PrintWithFallbackIiEEvRKT_PSo
FNDA:0,_ZN7testing8internal14UniversalPrintIiEEvRKT_PSo
FNDA:0,_ZN7testing8internal7PrintToIiEEvRKT_PSo
FNF:9
FNH:0
DA:212,0
DA:215,0
DA:216,0
DA:306,0
DA:312,0
DA:313,0
DA:333,0
DA:334,0
DA:413,0
DA:415,0
DA:440,0
DA:441,0
DA:442,0
DA:682,0
DA:691,0
DA:692,0
DA:864,0
DA:865,0
DA:866,0
DA:976,0
DA:980,0
DA:981,0
DA:1016,0
DA:1017,0
DA:1018,0
DA:1019,0
DA:1020,0
LF:27
LH:0
end_of_record
TN:
SF:/home/sahil/anaconda3/envs/dev/include/gtest/gtest.h
FN:324,_ZNK7testing15AssertionResultcvbEv
FN:333,_ZNK7testing15AssertionResult7messageEv
FN:337,_ZNK7testing15AssertionResult15failure_messageEv
FN:427,_ZN7testing4Test14SetUpTestSuiteEv
FN:435,_ZN7testing4Test17TearDownTestSuiteEv
FN:440,_ZN7testing4Test16TearDownTestCaseEv
FN:441,_ZN7testing4Test13SetUpTestCaseEv
FN:522,_ZN7testing4Test5SetupEv
FN:1522,_ZN7testing8internal18CmpHelperEQFailureIiiEENS_15AssertionResultEPKcS4_RKT_RKT0_
FN:1541,_ZN7testing8internal11CmpHelperEQIiiEENS_15AssertionResultEPKcS4_RKT_RKT0_
FN:1561,_ZN7testing8internal8EqHelper7CompareIiiLPv0EEENS_15AssertionResultEPKcS6_RKT_RKT0_
FN:2489,_Z13RUN_ALL_TESTSv
FNDA:0,_ZN7testing4Test17TearDownTestSuiteEv
FNDA:0,_ZN7testing4Test14SetUpTestSuiteEv
FNDA:0,_ZN7testing8internal18CmpHelperEQFailureIiiEENS_15AssertionResultEPKcS4_RKT_RKT0_
FNDA:6,_ZNK7testing15AssertionResultcvbEv
FNDA:6,_ZN7testing8internal8EqHelper7CompareIiiLPv0EEENS_15AssertionResultEPKcS6_RKT_RKT0_
FNDA:0,_ZN7testing4Test5SetupEv
FNDA:0,_ZN7testing4Test16TearDownTestCaseEv
FNDA:0,_ZNK7testing15AssertionResult7messageEv
FNDA:3,_Z13RUN_ALL_TESTSv
FNDA:6,_ZN7testing8internal11CmpHelperEQIiiEENS_15AssertionResultEPKcS4_RKT_RKT0_
FNDA:0,_ZN7testing4Test13SetUpTestCaseEv
FNDA:0,_ZNK7testing15AssertionResult15failure_messageEv
FNF:12
FNH:4
DA:324,6
DA:333,0
DA:334,0
DA:337,0
DA:427,0
DA:435,0
DA:440,0
DA:441,0
DA:522,0
DA:1522,0
DA:1529,0
DA:1541,6
DA:1545,6
DA:1546,6
DA:1549,0
DA:1561,6
DA:1564,6
DA:2489,3
DA:2490,3
LF:19
LH:8
end_of_record
TN:
SF:/home/sahil/anaconda3/envs/dev/include/gtest/internal/gtest-internal.h
FN:454,_ZN7testing8internal15TestFactoryBaseD0Ev
FN:454,_ZN7testing8internal15TestFactoryBaseD2Ev
FN:461,_ZN7testing8internal15TestFactoryBaseC2Ev
FN:472,_ZN7testing8internal15TestFactoryImplI45AddTests_NegativeNumberAndPositiveNumber_TestE10CreateTestEv
FN:472,_ZN7testing8internal15TestFactoryImplI29AddTests_PositiveNumbers_TestE10CreateTestEv
FN:493,_ZN7testing8internal12CodeLocationC2ERKNSt7__cxx1112basic_stringIcSt11char_traitsIcESaIcEEEi
FN:506,_ZN7testing8internal19GetNotDefaultOrNullEPFvvES2_
FN:521,_ZN7testing8internal16SuiteApiResolverINS_4TestEE19GetSetUpCaseOrSuiteEPKci
FN:542,_ZN7testing8internal16SuiteApiResolverINS_4TestEE22GetTearDownCaseOrSuiteEPKci
FNDA:6,_ZN7testing8internal16SuiteApiResolverINS_4TestEE22GetTearDownCaseOrSuiteEPKci
FNDA:6,_ZN7testing8internal15TestFactoryBaseC2Ev
FNDA:3,_ZN7testing8internal15TestFactoryImplI45AddTests_NegativeNumberAndPositiveNumber_TestE10CreateTestEv
FNDA:0,_ZN7testing8internal15TestFactoryBaseD0Ev
FNDA:24,_ZN7testing8internal19GetNotDefaultOrNullEPFvvES2_
FNDA:3,_ZN7testing8internal15TestFactoryImplI29AddTests_PositiveNumbers_TestE10CreateTestEv
FNDA:6,_ZN7testing8internal12CodeLocationC2ERKNSt7__cxx1112basic_stringIcSt11char_traitsIcESaIcEEEi
FNDA:6,_ZN7testing8internal16SuiteApiResolverINS_4TestEE19GetSetUpCaseOrSuiteEPKci
FNDA:6,_ZN7testing8internal15TestFactoryBaseD2Ev
FNF:9
FNH:8
DA:454,6
DA:461,6
DA:472,6
DA:493,6
DA:494,6
DA:506,24
DA:508,24
DA:521,6
DA:525,6
DA:527,6
DA:529,6
DA:532,0
DA:534,6
DA:542,6
DA:546,6
DA:548,6
DA:550,6
DA:553,0
DA:555,6
LF:19
LH:17
end_of_record
TN:
SF:/home/sahil/anaconda3/envs/dev/include/gtest/internal/gtest-port.h
FN:974,_ZN7testing8internal8GTestLog9GetStreamEv
FNDA:0,_ZN7testing8internal8GTestLog9GetStreamEv
FNF:1
FNH:0
DA:974,0
LF:1
LH:0
end_of_record
TN:
SF:/media/sahil/data1/gyan_backend/assests/usecases/automation/Cpp/Test_Files/UTCProject/src/main/src/program.cpp
FN:3,_Z3addii
FNDA:6,_Z3addii
FNF:1
FNH:1
DA:3,6
DA:4,6
LF:2
LH:2
end_of_record
TN:
SF:/media/sahil/data1/gyan_backend/assests/usecases/automation/Cpp/Test_Files/UTCProject/src/test/src/ProgramTest.cpp
FN:5,_ZN29AddTests_PositiveNumbers_TestD2Ev
FN:5,_ZN29AddTests_PositiveNumbers_TestC2Ev
FN:5,_ZN29AddTests_PositiveNumbers_Test8TestBodyEv
FN:5,_ZN29AddTests_PositiveNumbers_TestD0Ev
FN:9,_ZN45AddTests_NegativeNumberAndPositiveNumber_TestD0Ev
FN:9,_ZN45AddTests_NegativeNumberAndPositiveNumber_Test8TestBodyEv
FN:9,_ZN45AddTests_NegativeNumberAndPositiveNumber_TestD2Ev
FN:9,_ZN45AddTests_NegativeNumberAndPositiveNumber_TestC2Ev
FN:13,main
FNDA:3,_ZN45AddTests_NegativeNumberAndPositiveNumber_TestD2Ev
FNDA:3,_ZN45AddTests_NegativeNumberAndPositiveNumber_TestC2Ev
FNDA:3,main
FNDA:3,_ZN29AddTests_PositiveNumbers_TestD0Ev
FNDA:3,_ZN45AddTests_NegativeNumberAndPositiveNumber_Test8TestBodyEv
FNDA:3,_ZN45AddTests_NegativeNumberAndPositiveNumber_TestD0Ev
FNDA:3,_ZN29AddTests_PositiveNumbers_Test8TestBodyEv
FNDA:3,_ZN29AddTests_PositiveNumbers_TestD2Ev
FNDA:3,_ZN29AddTests_PositiveNumbers_TestC2Ev
FNF:9
FNH:9
DA:5,12
DA:6,3
DA:7,3
DA:9,12
DA:10,3
DA:11,3
DA:13,3
DA:14,3
DA:15,3
LF:9
LH:9
end_of_record
