TN:
SF:/media/sahil/data1/gyan_backend/assests/usecases/automation/C/Test_Folder/Test_Codes/add_test.c
FN:5,main
FNDA:1,main
DA:5,1
DA:7,1
DA:8,1
DA:9,1
DA:12,1
end_of_record
TN:
SF:/media/sahil/data1/gyan_backend/assests/usecases/automation/C/Test_Folder/add.c
FN:3,sum
FNDA:3,sum
DA:3,3
DA:4,3
end_of_record
TN:
SF:/media/sahil/data1/gyan_backend/assests/usecases/automation/C/Test_Folder/Test_Codes/subtract_test.c
FN:7,test_subtract_normal_execution
FNDA:1,test_subtract_normal_execution
FN:12,test_subtract_edge_cases
FNDA:1,test_subtract_edge_cases
FN:17,main
FNDA:1,main
DA:7,1
DA:8,1
DA:9,1
DA:10,1
DA:12,1
DA:13,1
DA:14,1
DA:15,1
DA:17,1
DA:18,1
DA:19,1
DA:21,1
end_of_record
TN:
SF:/media/sahil/data1/gyan_backend/assests/usecases/automation/C/Test_Folder/subtract.c
FN:2,subtract
FNDA:2,subtract
DA:2,2
DA:3,2
end_of_record
